----- File Activity 2026-03-07 21:32:55 -----
/home/vishwa/.Xauthority
/home/vishwa/.cache/gstreamer-1.0/registry.x86_64.bin
/home/vishwa/.cache/mesa_shader_cache/marker
/home/vishwa/Smart_Student_Monitor/smart_monitor.sh
/home/vishwa/Smart_Student_Monitor/logs/file_activity.log
/home/vishwa/Smart_Student_Monitor/logs/login_activity.log
/home/vishwa/.xsession-errors
/home/vishwa/.viminfo
/home/vishwa/.local/state/wireplumber/stream-properties
/home/vishwa/.config/gtk-3.0/bookmarks
/home/vishwa/.config/xfce4/desktop/accels.scm
/home/vishwa/.config/xfce4/desktop/icons.screen0.yaml
----- File Activity 2026-03-07 21:32:55 -----
/home/vishwa/.Xauthority
/home/vishwa/.cache/gstreamer-1.0/registry.x86_64.bin
/home/vishwa/.cache/mesa_shader_cache/marker
/home/vishwa/Smart_Student_Monitor/smart_monitor.sh
/home/vishwa/Smart_Student_Monitor/logs/file_activity.log
/home/vishwa/Smart_Student_Monitor/logs/login_activity.log
/home/vishwa/Smart_Student_Monitor/logs/command_alerts.log
/home/vishwa/Smart_Student_Monitor/reports/daily_report_2026-03-07.txt
/home/vishwa/.xsession-errors
/home/vishwa/.viminfo
/home/vishwa/.local/state/wireplumber/stream-properties
/home/vishwa/.config/gtk-3.0/bookmarks
/home/vishwa/.config/xfce4/desktop/accels.scm
/home/vishwa/.config/xfce4/desktop/icons.screen0.yaml
